[2026-02-26T15:34:00.954Z] Searching for ID: "69a058686e30eb78ee612347" | Type: string
Found product: Slim Fit Piqué Polo
[2026-02-26T15:34:00.969Z] Searching for ID: "69a058686e30eb78ee612347" | Type: string
Found product: Slim Fit Piqué Polo
[2026-02-26T15:34:08.511Z] Searching for ID: "69a058686e30eb78ee612344" | Type: string
Found product: Crew Neck Pocket Tee
[2026-02-26T15:34:08.521Z] Searching for ID: "69a058686e30eb78ee612344" | Type: string
Found product: Crew Neck Pocket Tee
[2026-02-26T15:34:10.985Z] Searching for ID: "69a058686e30eb78ee612351" | Type: string
Found product: Fleece Half-Zip Pullover
[2026-02-26T15:34:10.998Z] Searching for ID: "69a058686e30eb78ee612351" | Type: string
Found product: Fleece Half-Zip Pullover
[2026-02-26T15:34:16.571Z] Searching for ID: "69a058686e30eb78ee612371" | Type: string
Found product: Classic Stripe Long-Sleeve Tee
[2026-02-26T15:34:16.582Z] Searching for ID: "69a058686e30eb78ee612371" | Type: string
Found product: Classic Stripe Long-Sleeve Tee
[2026-02-26T15:36:57.331Z] Searching for ID: "69a058686e30eb78ee612371" | Type: string
Found product: Classic Stripe Long-Sleeve Tee
[2026-02-26T15:36:57.363Z] Searching for ID: "69a058686e30eb78ee612371" | Type: string
Found product: Classic Stripe Long-Sleeve Tee
